<?xml version="1.0" encoding="UTF-8"?>
<!-- Generated by org.testng.reporters.JUnitReportReporter -->
<testsuite skipped="0" hostname="DESKTOP-VIKAS" name="executionEngine.test" tests="1" failures="0" timestamp="03 Sep 2019 13:08:00 GMT" time="34.821" errors="0">
  <testcase name="testfunction" time="34.821" classname="executionEngine.test"/>
</testsuite> <!-- executionEngine.test -->
